C51 COMPILER V9.54   MAIN                                                                  12/11/2025 09:50:13 PAGE 1   


C51 COMPILER V9.54, COMPILATION OF MODULE MAIN
OBJECT MODULE PLACED IN .\Objects\main.obj
COMPILER INVOKED BY: E:\Keil5 C51\Keil5 C51\C51\BIN\C51.EXE main.c OPTIMIZE(8,SPEED) BROWSE DEBUG OBJECTEXTEND PRINT(.\L
                    -istings\main.lst) OBJECT(.\Objects\main.obj)

line level    source

   1          #include <REGX52.H>
   2          #include <INTRINS.H>
   3          
   4          #include <LCD1602.H>
   5          #include <DELAY.H>
   6          #include <SWITCH0000.H>
   7          #include <Servo.H>
   8          #include <RedWAI.H>
   9          
  10          unsigned char Code=0;
  11          
  12          void main(){
  13   1              LCD_Init();
  14   1              Servo_Init();
  15   1              RedWAI_init();
  16   1              while(1){
  17   2      //              Servo_Set(0);
  18   2      //              delay(3000);
  19   2      //              Servo_Set(45);
  20   2      //              delay(3000);
  21   2      //              Servo_Set(90);
  22   2      //              delay(3000);
  23   2      //              Servo_Set(135);
  24   2      //              delay(3000);
  25   2      //              Servo_Set(180);
  26   2      //              delay(3000);
  27   2                      Code=get_Red_Data();
  28   2                      if(Code!=0){
  29   3                              LCD_ShowHexNum(2,1,Code,2);
  30   3                              if(Code==0x47){
  31   4                                      Servo_Set(90);
  32   4                              }
  33   3                              if(Code==0x07){
  34   4                                      Servo_Set(45);
  35   4                                      delay(300);
  36   4                                      Servo_Set(90);
  37   4                              }
  38   3                              if(Code==0x45){
  39   4                                      Servo_Set(135);
  40   4                                      delay(300);
  41   4                                      Servo_Set(90);
  42   4                              }
  43   3                      }
  44   2                      
  45   2              }
  46   1      }
  47          
  48          


MODULE INFORMATION:   STATIC OVERLAYABLE
   CODE SIZE        =     87    ----
   CONSTANT SIZE    =   ----    ----
   XDATA SIZE       =   ----    ----
C51 COMPILER V9.54   MAIN                                                                  12/11/2025 09:50:13 PAGE 2   

   PDATA SIZE       =   ----    ----
   DATA SIZE        =      1    ----
   IDATA SIZE       =   ----    ----
   BIT SIZE         =   ----    ----
END OF MODULE INFORMATION.


C51 COMPILATION COMPLETE.  0 WARNING(S),  0 ERROR(S)
